ISim log file
Running: /home/vajira/Desktop/CS4362_traffic_light_controller/traffic_controller_test_isim_beh.exe -intstyle ise -gui -tclbatch isim.cmd -wdb /home/vajira/Desktop/CS4362_traffic_light_controller/traffic_controller_test_isim_beh.wdb 
ISim P.20131013 (signature 0xfbc00daa)
----------------------------------------------------------------------
INFO:Security:51 - The XILINXD_LICENSE_FILE environment variable is not set.
INFO:Security:53 - The LM_LICENSE_FILE environment variable is not set.
INFO:Security:68a - user is vajira, on host unknown.
WARNING:Security:43 - No license file was found in the standard Xilinx license directory.
WARNING:Security:44 - Since no license file was found,
       please run the Xilinx License Configuration Manager
       (xlcm or "Manage Xilinx Licenses")
       to assist in obtaining a license.
ERROR:Security:14 - No feature was available for 'ISIM'.

No such feature exists.
Feature:       ISIM
License path:  /home/vajira/.Xilinx/*.lic:/opt/Xilinx/14.7/ISE_DS/ISE//data/*.lic:/opt/Xilinx/14.7/ISE_DS/ISE//coregen/core_licenses/Xilinx.lic:/opt/Xilinx/14.7/ISE_DS/ISE//coregen/core_licenses/XilinxFree.lic:
FLEXnet Licensing error:-5,357
For further information, refer to the FLEXnet Licensing documentation,
available at "www.flexerasoftware.com".
----------------------------------------------------------------------
WARNING: A full ISim License cannot be checked out due to the issues listed above. Please use Xilinx License Configuration Manager to fix these issues in order to check out a full ISim license.
WARNING: ISim will run in Lite mode. Please refer to the ISim documentation for more information on the differences between the Lite and the Full version.
This is a Lite version of ISim.
WARNING: File "/home/vajira/Desktop/CS4362_traffic_light_controller/MainController.v" Line 23.  For instance uut/tp/, width 4 of formal port t_value_input is not equal to width 1 of actual signal time_value.
WARNING: File "/home/vajira/Desktop/CS4362_traffic_light_controller/MainController.v" Line 23.  For instance uut/tp/, width 2 of formal port selector_reprogram is not equal to width 1 of actual signal time_parameter_selector.
WARNING: File "/home/vajira/Desktop/CS4362_traffic_light_controller/MainController.v" Line 31.  For instance uut/sm/, width 3 of formal port state is not equal to width 1 of actual signal state.
WARNING: File "/home/vajira/Desktop/CS4362_traffic_light_controller/traffic_controller_test.v" Line 46.  For instance traffic_controller_test/uut/, width 1 of formal port state is not equal to width 3 of actual signal state.
Time resolution is 1 ps
# onerror resume
# wave add /
# run 10000ns
Simulator is doing circuit initialization process.
Finished circuit initialization process.
# exit 0
