Release 14.7 - xst P.20131013 (lin64)
Copyright (c) 1995-2013 Xilinx, Inc.  All rights reserved.
--> 
Parameter TMPDIR set to xst/projnav.tmp


Total REAL time to Xst completion: 0.00 secs
Total CPU time to Xst completion: 0.05 secs
 
--> 
Parameter xsthdpdir set to xst


Total REAL time to Xst completion: 0.00 secs
Total CPU time to Xst completion: 0.05 secs
 
--> 
Reading design: MainController.prj

TABLE OF CONTENTS
  1) Synthesis Options Summary
  2) HDL Compilation
  3) Design Hierarchy Analysis
  4) HDL Analysis
  5) HDL Synthesis
     5.1) HDL Synthesis Report
  6) Advanced HDL Synthesis
     6.1) Advanced HDL Synthesis Report
  7) Low Level Synthesis
  8) Partition Report
  9) Final Report
	9.1) Device utilization summary
	9.2) Partition Resource Summary
	9.3) TIMING REPORT


=========================================================================
*                      Synthesis Options Summary                        *
=========================================================================
---- Source Parameters
Input File Name                    : "MainController.prj"
Input Format                       : mixed
Ignore Synthesis Constraint File   : NO

---- Target Parameters
Output File Name                   : "MainController"
Output Format                      : NGC
Target Device                      : xc3s500e-4-fg320

---- Source Options
Top Module Name                    : MainController
Automatic FSM Extraction           : YES
FSM Encoding Algorithm             : Auto
Safe Implementation                : No
FSM Style                          : LUT
RAM Extraction                     : Yes
RAM Style                          : Auto
ROM Extraction                     : Yes
Mux Style                          : Auto
Decoder Extraction                 : YES
Priority Encoder Extraction        : Yes
Shift Register Extraction          : YES
Logical Shifter Extraction         : YES
XOR Collapsing                     : YES
ROM Style                          : Auto
Mux Extraction                     : Yes
Resource Sharing                   : YES
Asynchronous To Synchronous        : NO
Multiplier Style                   : Auto
Automatic Register Balancing       : No

---- Target Options
Add IO Buffers                     : YES
Global Maximum Fanout              : 100000
Add Generic Clock Buffer(BUFG)     : 24
Register Duplication               : YES
Slice Packing                      : YES
Optimize Instantiated Primitives   : NO
Use Clock Enable                   : Yes
Use Synchronous Set                : Yes
Use Synchronous Reset              : Yes
Pack IO Registers into IOBs        : Auto
Equivalent register Removal        : YES

---- General Options
Optimization Goal                  : Speed
Optimization Effort                : 1
Keep Hierarchy                     : No
Netlist Hierarchy                  : As_Optimized
RTL Output                         : Yes
Global Optimization                : AllClockNets
Read Cores                         : YES
Write Timing Constraints           : NO
Cross Clock Analysis               : NO
Hierarchy Separator                : /
Bus Delimiter                      : <>
Case Specifier                     : Maintain
Slice Utilization Ratio            : 100
BRAM Utilization Ratio             : 100
Verilog 2001                       : YES
Auto BRAM Packing                  : NO
Slice Utilization Ratio Delta      : 5

=========================================================================


=========================================================================
*                          HDL Compilation                              *
=========================================================================
Compiling verilog file "synchronize.v" in library work
Compiling verilog file "WalkRegister.v" in library work
Module <synchronize> compiled
Compiling verilog file "timer.v" in library work
Module <WalkRegister> compiled
Compiling verilog file "TimeParameters.v" in library work
Module <timer> compiled
Compiling verilog file "Synchronizer.v" in library work
Module <TimeParameters> compiled
Compiling verilog file "stateMachine.v" in library work
Module <Synchronizer> compiled
Compiling verilog file "MainController.v" in library work
Module <stateMachine> compiled
Module <MainController> compiled
No errors in compilation
Analysis of file <"MainController.prj"> succeeded.
 

=========================================================================
*                     Design Hierarchy Analysis                         *
=========================================================================
Analyzing hierarchy for module <MainController> in library <work>.

Analyzing hierarchy for module <Synchronizer> in library <work>.

Analyzing hierarchy for module <WalkRegister> in library <work>.

Analyzing hierarchy for module <TimeParameters> in library <work> with parameters.
	BASE_SELECT = "00"
	DEFAULT_BASE = "0110"
	DEFAULT_EXT = "0011"
	DEFAULT_YEL = "0010"
	EXT_SELECT = "01"
	MAX_TIME = "1111"
	YEL_SELECT = "10"
	ZERO_TIME = "0000"

Analyzing hierarchy for module <timer> in library <work> with parameters.
	BASE_SELECT = "00"
	CLK_COUNT_AFTER_ONE_SECOND = "100"
	CLK_COUNT_ZERO = "00"
	EXT_SELECT = "01"
	MAX_COUNT = "1111"
	ONE_COUNT = "0001"
	YEL_SELECT = "10"
	ZERO_COUNT = "0000"

Analyzing hierarchy for module <stateMachine> in library <work> with parameters.
	BASE_SELECT = "00"
	CONT_MAIN_GREEN_NO_TRAFFIC = "00000000000000000000000000000001"
	CONT_MAIN_GREEN_TRAFFIC = "00000000000000000000000000000010"
	CONT_SIDE_GREEN_TRAFFIC = "00000000000000000000000000000110"
	EXT_SELECT = "01"
	GREEN = "10"
	INVALID_STATE = "00000000000000000000000000001000"
	MAIN_YELLOW = "00000000000000000000000000000011"
	OFF = "1"
	ON = "0"
	PEDESTRIAN_WALK = "00000000000000000000000000000100"
	RED = "00"
	SIDE_YELLOW = "00000000000000000000000000000111"
	START_MAIN_GREEN = "00000000000000000000000000000000"
	START_SIDE_GREEN = "00000000000000000000000000000101"
	YELLOW = "01"
	YEL_SELECT = "10"
	ZERO_SELECT = "11"

Analyzing hierarchy for module <synchronize> in library <work> with parameters.
	NSYNC = "00000000000000000000000000000010"


=========================================================================
*                            HDL Analysis                               *
=========================================================================
Analyzing top module <MainController>.
Module <MainController> is correct for synthesis.
 
Analyzing module <Synchronizer> in library <work>.
Module <Synchronizer> is correct for synthesis.
 
Analyzing module <synchronize> in library <work>.
	NSYNC = 32'sb00000000000000000000000000000010
Module <synchronize> is correct for synthesis.
 
Analyzing module <WalkRegister> in library <work>.
Module <WalkRegister> is correct for synthesis.
 
Analyzing module <TimeParameters> in library <work>.
	BASE_SELECT = 2'b00
	DEFAULT_BASE = 4'b0110
	DEFAULT_EXT = 4'b0011
	DEFAULT_YEL = 4'b0010
	EXT_SELECT = 2'b01
	MAX_TIME = 4'b1111
	YEL_SELECT = 2'b10
	ZERO_TIME = 4'b0000
Module <TimeParameters> is correct for synthesis.
 
    Set user-defined property "KEEP =  TRUE" for signal <tBASE>.
    Set user-defined property "KEEP =  TRUE" for signal <tEXT>.
    Set user-defined property "KEEP =  TRUE" for signal <tYEL>.
Analyzing module <timer> in library <work>.
	BASE_SELECT = 2'b00
	CLK_COUNT_AFTER_ONE_SECOND = 3'b100
	CLK_COUNT_ZERO = 2'b00
	EXT_SELECT = 2'b01
	MAX_COUNT = 4'b1111
	ONE_COUNT = 4'b0001
	YEL_SELECT = 2'b10
	ZERO_COUNT = 4'b0000
Module <timer> is correct for synthesis.
 
Analyzing module <stateMachine> in library <work>.
	BASE_SELECT = 2'b00
	CONT_MAIN_GREEN_NO_TRAFFIC = 32'sb00000000000000000000000000000001
	CONT_MAIN_GREEN_TRAFFIC = 32'sb00000000000000000000000000000010
	CONT_SIDE_GREEN_TRAFFIC = 32'sb00000000000000000000000000000110
	EXT_SELECT = 2'b01
	GREEN = 2'b10
	INVALID_STATE = 32'sb00000000000000000000000000001000
	MAIN_YELLOW = 32'sb00000000000000000000000000000011
	OFF = 1'b1
	ON = 1'b0
	PEDESTRIAN_WALK = 32'sb00000000000000000000000000000100
	RED = 2'b00
	SIDE_YELLOW = 32'sb00000000000000000000000000000111
	START_MAIN_GREEN = 32'sb00000000000000000000000000000000
	START_SIDE_GREEN = 32'sb00000000000000000000000000000101
	YELLOW = 2'b01
	YEL_SELECT = 2'b10
	ZERO_SELECT = 2'b11
Module <stateMachine> is correct for synthesis.
 

=========================================================================
*                           HDL Synthesis                               *
=========================================================================

Performing bidirectional port resolution...

Synthesizing Unit <WalkRegister>.
    Related source file is "WalkRegister.v".
    Found 1-bit register for signal <pendingWalk>.
    Summary:
	inferred   1 D-type flip-flop(s).
Unit <WalkRegister> synthesized.


Synthesizing Unit <TimeParameters>.
    Related source file is "TimeParameters.v".
    Found 4-bit register for signal <t_value_output>.
    Found 4-bit 4-to-1 multiplexer for signal <t_value_output$mux0000> created at line 50.
    Found 4-bit register for signal <tBASE>.
    Found 4-bit 4-to-1 multiplexer for signal <tBASE$mux0000> created at line 87.
    Found 4-bit register for signal <tEXT>.
    Found 4-bit 4-to-1 multiplexer for signal <tEXT$mux0000> created at line 87.
    Found 4-bit register for signal <tYEL>.
    Found 4-bit 4-to-1 multiplexer for signal <tYEL$mux0000> created at line 87.
    Summary:
	inferred  16 D-type flip-flop(s).
	inferred  16 Multiplexer(s).
Unit <TimeParameters> synthesized.


Synthesizing Unit <timer>.
    Related source file is "timer.v".
    Found 1-bit register for signal <expired>.
    Found 3-bit up counter for signal <clkCycleCount>.
    Found 4-bit down counter for signal <count>.
    Summary:
	inferred   2 Counter(s).
	inferred   1 D-type flip-flop(s).
Unit <timer> synthesized.


Synthesizing Unit <stateMachine>.
    Related source file is "stateMachine.v".
    Found 1-bit register for signal <Walk_light>.
    Found 3-bit register for signal <state>.
    Found 1-bit register for signal <Gm>.
    Found 1-bit register for signal <Gs>.
    Found 1-bit register for signal <Rm>.
    Found 1-bit register for signal <Rs>.
    Found 2-bit register for signal <timeParameter>.
    Found 1-bit register for signal <startTimer>.
    Found 1-bit register for signal <resetWalk>.
    Found 1-bit register for signal <Ym>.
    Found 1-bit register for signal <Ys>.
    Found 1-bit register for signal <trigger>.
    Summary:
	inferred  15 D-type flip-flop(s).
Unit <stateMachine> synthesized.


Synthesizing Unit <synchronize>.
    Related source file is "synchronize.v".
    Found 1-bit register for signal <out>.
    Found 1-bit register for signal <sync<0>>.
    Summary:
	inferred   2 D-type flip-flop(s).
Unit <synchronize> synthesized.


Synthesizing Unit <Synchronizer>.
    Related source file is "Synchronizer.v".
Unit <Synchronizer> synthesized.


Synthesizing Unit <MainController>.
    Related source file is "MainController.v".
    Found 1-bit register for signal <EXPIRED_SIGNAL>.
    Found 2-bit register for signal <INTERVAL_SELECTOR>.
    Found 1-bit register for signal <START_TIMER_SIGNAL>.
    Found 4-bit register for signal <TIME_VALUE_TO_TIMER_VISUALIZE>.
    Summary:
	inferred   8 D-type flip-flop(s).
Unit <MainController> synthesized.


=========================================================================
HDL Synthesis Report

Macro Statistics
# Counters                                             : 2
 3-bit up counter                                      : 1
 4-bit down counter                                    : 1
# Registers                                            : 30
 1-bit register                                        : 22
 2-bit register                                        : 2
 3-bit register                                        : 1
 4-bit register                                        : 5
# Multiplexers                                         : 4
 4-bit 4-to-1 multiplexer                              : 4

=========================================================================

=========================================================================
*                       Advanced HDL Synthesis                          *
=========================================================================


=========================================================================
Advanced HDL Synthesis Report

Macro Statistics
# Counters                                             : 2
 3-bit up counter                                      : 1
 4-bit down counter                                    : 1
# Registers                                            : 49
 Flip-Flops                                            : 49
# Multiplexers                                         : 4
 4-bit 4-to-1 multiplexer                              : 4

=========================================================================

=========================================================================
*                         Low Level Synthesis                           *
=========================================================================

Optimizing unit <MainController> ...

Optimizing unit <TimeParameters> ...

Optimizing unit <timer> ...

Optimizing unit <stateMachine> ...

Mapping all equations...
Building and optimizing final netlist ...
Found area constraint ratio of 100 (+ 5) on block MainController, actual ratio is 0.

Final Macro Processing ...

Processing Unit <MainController> :
	Found 2-bit shift register for signal <sn/reset_synchronizer/out>.
	Found 2-bit shift register for signal <sn/sensor_synchronizer/out>.
	Found 2-bit shift register for signal <sn/walkrequest_synchronizer/out>.
	Found 2-bit shift register for signal <sn/reprogram_synchronizer/out>.
Unit <MainController> processed.

=========================================================================
Final Register Report

Macro Statistics
# Registers                                            : 48
 Flip-Flops                                            : 48
# Shift Registers                                      : 4
 2-bit shift register                                  : 4

=========================================================================

=========================================================================
*                           Partition Report                            *
=========================================================================

Partition Implementation Status
-------------------------------

  No Partitions were found in this design.

-------------------------------

=========================================================================
*                            Final Report                               *
=========================================================================
Final Results
RTL Top Level Output File Name     : MainController.ngr
Top Level Output File Name         : MainController
Output Format                      : NGC
Optimization Goal                  : Speed
Keep Hierarchy                     : No

Design Statistics
# IOs                              : 23

Cell Usage :
# BELS                             : 55
#      GND                         : 1
#      INV                         : 3
#      LUT2                        : 12
#      LUT2_L                      : 4
#      LUT3                        : 12
#      LUT3_L                      : 6
#      LUT4                        : 16
#      VCC                         : 1
# FlipFlops/Latches                : 52
#      FD                          : 16
#      FDE                         : 7
#      FDR                         : 6
#      FDRE                        : 13
#      FDSE                        : 10
# Shift Registers                  : 4
#      SRL16                       : 4
# Clock Buffers                    : 1
#      BUFGP                       : 1
# IO Buffers                       : 21
#      IBUF                        : 5
#      OBUF                        : 16
=========================================================================

Device utilization summary:
---------------------------

Selected Device : 3s500efg320-4 

 Number of Slices:                       35  out of   4656     0%  
 Number of Slice Flip Flops:             52  out of   9312     0%  
 Number of 4 input LUTs:                 57  out of   9312     0%  
    Number used as logic:                53
    Number used as Shift registers:       4
 Number of IOs:                          23
 Number of bonded IOBs:                  22  out of    232     9%  
 Number of GCLKs:                         1  out of     24     4%  

---------------------------
Partition Resource Summary:
---------------------------

  No Partitions were found in this design.

---------------------------


=========================================================================
TIMING REPORT

NOTE: THESE TIMING NUMBERS ARE ONLY A SYNTHESIS ESTIMATE.
      FOR ACCURATE TIMING INFORMATION PLEASE REFER TO THE TRACE REPORT
      GENERATED AFTER PLACE-and-ROUTE.

Clock Information:
------------------
-----------------------------------+------------------------+-------+
Clock Signal                       | Clock buffer(FF name)  | Load  |
-----------------------------------+------------------------+-------+
clk                                | BUFGP                  | 56    |
-----------------------------------+------------------------+-------+

Asynchronous Control Signals Information:
----------------------------------------
No asynchronous control signals found in this design

Timing Summary:
---------------
Speed Grade: -4

   Minimum period: 4.917ns (Maximum Frequency: 203.376MHz)
   Minimum input arrival time before clock: 3.162ns
   Maximum output required time after clock: 4.824ns
   Maximum combinational path delay: No path found

Timing Detail:
--------------
All values displayed in nanoseconds (ns)

=========================================================================
Timing constraint: Default period analysis for Clock 'clk'
  Clock period: 4.917ns (frequency: 203.376MHz)
  Total number of paths / destination ports: 235 / 108
-------------------------------------------------------------------------
Delay:               4.917ns (Levels of Logic = 2)
  Source:            sm/state_0 (FF)
  Destination:       sm/resetWalk (FF)
  Source Clock:      clk rising
  Destination Clock: clk rising

  Data Path: sm/state_0 to sm/resetWalk
                                Gate     Net
    Cell:in->out      fanout   Delay   Delay  Logical Name (Net Name)
    ----------------------------------------  ------------
     FDRE:C->Q            12   0.591   1.136  sm/state_0 (sm/state_0)
     LUT3:I0->O            2   0.704   0.451  sm/timeParameter_cmp_eq00041 (sm/timeParameter_cmp_eq0004)
     LUT4:I3->O            1   0.704   0.420  sm/resetWalk_or00001 (sm/resetWalk_or0000)
     FDR:R                     0.911          sm/resetWalk
    ----------------------------------------
    Total                      4.917ns (2.910ns logic, 2.007ns route)
                                       (59.2% logic, 40.8% route)

=========================================================================
Timing constraint: Default OFFSET IN BEFORE for Clock 'clk'
  Total number of paths / destination ports: 12 / 12
-------------------------------------------------------------------------
Offset:              3.162ns (Levels of Logic = 2)
  Source:            time_parameter_selector (PAD)
  Destination:       tp/tEXT_3 (FF)
  Destination Clock: clk rising

  Data Path: time_parameter_selector to tp/tEXT_3
                                Gate     Net
    Cell:in->out      fanout   Delay   Delay  Logical Name (Net Name)
    ----------------------------------------  ------------
     IBUF:I->O             8   1.218   0.932  time_parameter_selector_IBUF (time_parameter_selector_IBUF)
     LUT2:I0->O            1   0.704   0.000  tp/Mmux_tEXT_mux000041 (tp/tEXT_mux0000<3>)
     FDRE:D                    0.308          tp/tEXT_3
    ----------------------------------------
    Total                      3.162ns (2.230ns logic, 0.932ns route)
                                       (70.5% logic, 29.5% route)

=========================================================================
Timing constraint: Default OFFSET OUT AFTER for Clock 'clk'
  Total number of paths / destination ports: 16 / 16
-------------------------------------------------------------------------
Offset:              4.824ns (Levels of Logic = 1)
  Source:            sm/state_0 (FF)
  Destination:       state (PAD)
  Source Clock:      clk rising

  Data Path: sm/state_0 to state
                                Gate     Net
    Cell:in->out      fanout   Delay   Delay  Logical Name (Net Name)
    ----------------------------------------  ------------
     FDRE:C->Q            12   0.591   0.961  sm/state_0 (sm/state_0)
     OBUF:I->O                 3.272          state_OBUF (state)
    ----------------------------------------
    Total                      4.824ns (3.863ns logic, 0.961ns route)
                                       (80.1% logic, 19.9% route)

=========================================================================


Total REAL time to Xst completion: 4.00 secs
Total CPU time to Xst completion: 3.95 secs
 
--> 


Total memory usage is 513968 kilobytes

Number of errors   :    0 (   0 filtered)
Number of warnings :    3 (   0 filtered)
Number of infos    :    0 (   0 filtered)

