Release 14.7 - xst P.20131013 (lin64)
Copyright (c) 1995-2013 Xilinx, Inc.  All rights reserved.
--> 
Parameter TMPDIR set to xst/projnav.tmp


Total REAL time to Xst completion: 0.00 secs
Total CPU time to Xst completion: 0.04 secs
 
--> 
Parameter xsthdpdir set to xst


Total REAL time to Xst completion: 0.00 secs
Total CPU time to Xst completion: 0.04 secs
 
--> 
Reading design: stateMachine.prj

TABLE OF CONTENTS
  1) Synthesis Options Summary
  2) HDL Compilation
  3) Design Hierarchy Analysis
  4) HDL Analysis
  5) HDL Synthesis
     5.1) HDL Synthesis Report
  6) Advanced HDL Synthesis
     6.1) Advanced HDL Synthesis Report
  7) Low Level Synthesis
  8) Partition Report
  9) Final Report
	9.1) Device utilization summary
	9.2) Partition Resource Summary
	9.3) TIMING REPORT


=========================================================================
*                      Synthesis Options Summary                        *
=========================================================================
---- Source Parameters
Input File Name                    : "stateMachine.prj"
Input Format                       : mixed
Ignore Synthesis Constraint File   : NO

---- Target Parameters
Output File Name                   : "stateMachine"
Output Format                      : NGC
Target Device                      : xc3s500e-4-fg320

---- Source Options
Top Module Name                    : stateMachine
Automatic FSM Extraction           : YES
FSM Encoding Algorithm             : Auto
Safe Implementation                : No
FSM Style                          : LUT
RAM Extraction                     : Yes
RAM Style                          : Auto
ROM Extraction                     : Yes
Mux Style                          : Auto
Decoder Extraction                 : YES
Priority Encoder Extraction        : Yes
Shift Register Extraction          : YES
Logical Shifter Extraction         : YES
XOR Collapsing                     : YES
ROM Style                          : Auto
Mux Extraction                     : Yes
Resource Sharing                   : YES
Asynchronous To Synchronous        : NO
Multiplier Style                   : Auto
Automatic Register Balancing       : No

---- Target Options
Add IO Buffers                     : YES
Global Maximum Fanout              : 100000
Add Generic Clock Buffer(BUFG)     : 24
Register Duplication               : YES
Slice Packing                      : YES
Optimize Instantiated Primitives   : NO
Use Clock Enable                   : Yes
Use Synchronous Set                : Yes
Use Synchronous Reset              : Yes
Pack IO Registers into IOBs        : Auto
Equivalent register Removal        : YES

---- General Options
Optimization Goal                  : Speed
Optimization Effort                : 1
Keep Hierarchy                     : No
Netlist Hierarchy                  : As_Optimized
RTL Output                         : Yes
Global Optimization                : AllClockNets
Read Cores                         : YES
Write Timing Constraints           : NO
Cross Clock Analysis               : NO
Hierarchy Separator                : /
Bus Delimiter                      : <>
Case Specifier                     : Maintain
Slice Utilization Ratio            : 100
BRAM Utilization Ratio             : 100
Verilog 2001                       : YES
Auto BRAM Packing                  : NO
Slice Utilization Ratio Delta      : 5

=========================================================================


=========================================================================
*                          HDL Compilation                              *
=========================================================================
Compiling verilog file "stateMachine.v" in library work
Module <stateMachine> compiled
No errors in compilation
Analysis of file <"stateMachine.prj"> succeeded.
 

=========================================================================
*                     Design Hierarchy Analysis                         *
=========================================================================
Analyzing hierarchy for module <stateMachine> in library <work> with parameters.
	BASE_SELECT = "00"
	CONT_MAIN_GREEN_NO_TRAFFIC = "00000000000000000000000000000001"
	CONT_MAIN_GREEN_TRAFFIC = "00000000000000000000000000000010"
	CONT_SIDE_GREEN_TRAFFIC = "00000000000000000000000000000110"
	EXT_SELECT = "01"
	GREEN = "10"
	INVALID_STATE = "00000000000000000000000000001000"
	MAIN_YELLOW = "00000000000000000000000000000011"
	OFF = "1"
	ON = "0"
	PEDESTRIAN_WALK = "00000000000000000000000000000100"
	RED = "00"
	SIDE_YELLOW = "00000000000000000000000000000111"
	START_MAIN_GREEN = "00000000000000000000000000000000"
	START_SIDE_GREEN = "00000000000000000000000000000101"
	YELLOW = "01"
	YEL_SELECT = "10"
	ZERO_SELECT = "11"


=========================================================================
*                            HDL Analysis                               *
=========================================================================
Analyzing top module <stateMachine>.
	BASE_SELECT = 2'b00
	CONT_MAIN_GREEN_NO_TRAFFIC = 32'sb00000000000000000000000000000001
	CONT_MAIN_GREEN_TRAFFIC = 32'sb00000000000000000000000000000010
	CONT_SIDE_GREEN_TRAFFIC = 32'sb00000000000000000000000000000110
	EXT_SELECT = 2'b01
	GREEN = 2'b10
	INVALID_STATE = 32'sb00000000000000000000000000001000
	MAIN_YELLOW = 32'sb00000000000000000000000000000011
	OFF = 1'b1
	ON = 1'b0
	PEDESTRIAN_WALK = 32'sb00000000000000000000000000000100
	RED = 2'b00
	SIDE_YELLOW = 32'sb00000000000000000000000000000111
	START_MAIN_GREEN = 32'sb00000000000000000000000000000000
	START_SIDE_GREEN = 32'sb00000000000000000000000000000101
	YELLOW = 2'b01
	YEL_SELECT = 2'b10
	ZERO_SELECT = 2'b11
Module <stateMachine> is correct for synthesis.
 

=========================================================================
*                           HDL Synthesis                               *
=========================================================================

Performing bidirectional port resolution...

Synthesizing Unit <stateMachine>.
    Related source file is "stateMachine.v".
    Found 1-bit register for signal <Gm>.
    Found 1-bit register for signal <Gs>.
    Found 1-bit register for signal <Rm>.
    Found 1-bit register for signal <Rs>.
    Found 1-bit register for signal <Walk_light>.
    Found 1-bit register for signal <Ym>.
    Found 1-bit register for signal <Ys>.
    Found 1-bit register for signal <resetWalk>.
    Found 1-bit register for signal <startTimer>.
    Found 3-bit register for signal <state>.
    Found 2-bit register for signal <timeParameter>.
    Found 1-bit register for signal <trigger>.
    Summary:
	inferred  15 D-type flip-flop(s).
Unit <stateMachine> synthesized.


=========================================================================
HDL Synthesis Report

Macro Statistics
# Registers                                            : 12
 1-bit register                                        : 10
 2-bit register                                        : 1
 3-bit register                                        : 1

=========================================================================

=========================================================================
*                       Advanced HDL Synthesis                          *
=========================================================================


=========================================================================
Advanced HDL Synthesis Report

Macro Statistics
# Registers                                            : 15
 Flip-Flops                                            : 15

=========================================================================

=========================================================================
*                         Low Level Synthesis                           *
=========================================================================

Optimizing unit <stateMachine> ...

Mapping all equations...
Building and optimizing final netlist ...
Found area constraint ratio of 100 (+ 5) on block stateMachine, actual ratio is 0.

Final Macro Processing ...

=========================================================================
Final Register Report

Macro Statistics
# Registers                                            : 15
 Flip-Flops                                            : 15

=========================================================================

=========================================================================
*                           Partition Report                            *
=========================================================================

Partition Implementation Status
-------------------------------

  No Partitions were found in this design.

-------------------------------

=========================================================================
*                            Final Report                               *
=========================================================================
Final Results
RTL Top Level Output File Name     : stateMachine.ngr
Top Level Output File Name         : stateMachine
Output Format                      : NGC
Optimization Goal                  : Speed
Keep Hierarchy                     : No

Design Statistics
# IOs                              : 20

Cell Usage :
# BELS                             : 23
#      GND                         : 1
#      INV                         : 1
#      LUT2                        : 1
#      LUT3                        : 14
#      LUT4                        : 3
#      MUXF5                       : 2
#      VCC                         : 1
# FlipFlops/Latches                : 15
#      FDE                         : 7
#      FDR                         : 2
#      FDRE                        : 5
#      FDSE                        : 1
# Clock Buffers                    : 1
#      BUFGP                       : 1
# IO Buffers                       : 19
#      IBUF                        : 5
#      OBUF                        : 14
=========================================================================

Device utilization summary:
---------------------------

Selected Device : 3s500efg320-4 

 Number of Slices:                       12  out of   4656     0%  
 Number of Slice Flip Flops:             15  out of   9312     0%  
 Number of 4 input LUTs:                 19  out of   9312     0%  
 Number of IOs:                          20
 Number of bonded IOBs:                  20  out of    232     8%  
 Number of GCLKs:                         1  out of     24     4%  

---------------------------
Partition Resource Summary:
---------------------------

  No Partitions were found in this design.

---------------------------


=========================================================================
TIMING REPORT

NOTE: THESE TIMING NUMBERS ARE ONLY A SYNTHESIS ESTIMATE.
      FOR ACCURATE TIMING INFORMATION PLEASE REFER TO THE TRACE REPORT
      GENERATED AFTER PLACE-and-ROUTE.

Clock Information:
------------------
-----------------------------------+------------------------+-------+
Clock Signal                       | Clock buffer(FF name)  | Load  |
-----------------------------------+------------------------+-------+
clk                                | BUFGP                  | 15    |
-----------------------------------+------------------------+-------+

Asynchronous Control Signals Information:
----------------------------------------
No asynchronous control signals found in this design

Timing Summary:
---------------
Speed Grade: -4

   Minimum period: 3.688ns (Maximum Frequency: 271.150MHz)
   Minimum input arrival time before clock: 5.388ns
   Maximum output required time after clock: 4.897ns
   Maximum combinational path delay: No path found

Timing Detail:
--------------
All values displayed in nanoseconds (ns)

=========================================================================
Timing constraint: Default period analysis for Clock 'clk'
  Clock period: 3.688ns (frequency: 271.150MHz)
  Total number of paths / destination ports: 43 / 15
-------------------------------------------------------------------------
Delay:               3.688ns (Levels of Logic = 1)
  Source:            state_1 (FF)
  Destination:       resetWalk (FF)
  Source Clock:      clk rising
  Destination Clock: clk rising

  Data Path: state_1 to resetWalk
                                Gate     Net
    Cell:in->out      fanout   Delay   Delay  Logical Name (Net Name)
    ----------------------------------------  ------------
     FDRE:C->Q            13   0.591   1.062  state_1 (state_1)
     LUT4:I1->O            1   0.704   0.420  resetWalk_or00001 (resetWalk_or0000)
     FDR:R                     0.911          resetWalk
    ----------------------------------------
    Total                      3.688ns (2.206ns logic, 1.482ns route)
                                       (59.8% logic, 40.2% route)

=========================================================================
Timing constraint: Default OFFSET IN BEFORE for Clock 'clk'
  Total number of paths / destination ports: 48 / 23
-------------------------------------------------------------------------
Offset:              5.388ns (Levels of Logic = 3)
  Source:            expired (PAD)
  Destination:       resetWalk (FF)
  Destination Clock: clk rising

  Data Path: expired to resetWalk
                                Gate     Net
    Cell:in->out      fanout   Delay   Delay  Logical Name (Net Name)
    ----------------------------------------  ------------
     IBUF:I->O             8   1.218   0.836  expired_IBUF (expired_IBUF)
     LUT3:I1->O            1   0.704   0.595  timeParameter_cmp_eq00041_SW0 (N14)
     LUT4:I0->O            1   0.704   0.420  resetWalk_or00001 (resetWalk_or0000)
     FDR:R                     0.911          resetWalk
    ----------------------------------------
    Total                      5.388ns (3.537ns logic, 1.851ns route)
                                       (65.6% logic, 34.4% route)

=========================================================================
Timing constraint: Default OFFSET OUT AFTER for Clock 'clk'
  Total number of paths / destination ports: 14 / 14
-------------------------------------------------------------------------
Offset:              4.897ns (Levels of Logic = 1)
  Source:            state_2 (FF)
  Destination:       state<2> (PAD)
  Source Clock:      clk rising

  Data Path: state_2 to state<2>
                                Gate     Net
    Cell:in->out      fanout   Delay   Delay  Logical Name (Net Name)
    ----------------------------------------  ------------
     FDRE:C->Q            16   0.591   1.034  state_2 (state_2)
     OBUF:I->O                 3.272          state_2_OBUF (state<2>)
    ----------------------------------------
    Total                      4.897ns (3.863ns logic, 1.034ns route)
                                       (78.9% logic, 21.1% route)

=========================================================================


Total REAL time to Xst completion: 4.00 secs
Total CPU time to Xst completion: 3.79 secs
 
--> 


Total memory usage is 511804 kilobytes

Number of errors   :    0 (   0 filtered)
Number of warnings :    0 (   0 filtered)
Number of infos    :    0 (   0 filtered)

