Release 14.7 - xst P.20131013 (lin64)
Copyright (c) 1995-2013 Xilinx, Inc.  All rights reserved.
--> 
Parameter TMPDIR set to xst/projnav.tmp


Total REAL time to Xst completion: 0.00 secs
Total CPU time to Xst completion: 0.04 secs
 
--> 
Parameter xsthdpdir set to xst


Total REAL time to Xst completion: 0.00 secs
Total CPU time to Xst completion: 0.04 secs
 
--> 
Reading design: timer.prj

TABLE OF CONTENTS
  1) Synthesis Options Summary
  2) HDL Compilation
  3) Design Hierarchy Analysis
  4) HDL Analysis
  5) HDL Synthesis
     5.1) HDL Synthesis Report
  6) Advanced HDL Synthesis
     6.1) Advanced HDL Synthesis Report
  7) Low Level Synthesis
  8) Partition Report
  9) Final Report
	9.1) Device utilization summary
	9.2) Partition Resource Summary
	9.3) TIMING REPORT


=========================================================================
*                      Synthesis Options Summary                        *
=========================================================================
---- Source Parameters
Input File Name                    : "timer.prj"
Input Format                       : mixed
Ignore Synthesis Constraint File   : NO

---- Target Parameters
Output File Name                   : "timer"
Output Format                      : NGC
Target Device                      : xc3s500e-4-fg320

---- Source Options
Top Module Name                    : timer
Automatic FSM Extraction           : YES
FSM Encoding Algorithm             : Auto
Safe Implementation                : No
FSM Style                          : LUT
RAM Extraction                     : Yes
RAM Style                          : Auto
ROM Extraction                     : Yes
Mux Style                          : Auto
Decoder Extraction                 : YES
Priority Encoder Extraction        : Yes
Shift Register Extraction          : YES
Logical Shifter Extraction         : YES
XOR Collapsing                     : YES
ROM Style                          : Auto
Mux Extraction                     : Yes
Resource Sharing                   : YES
Asynchronous To Synchronous        : NO
Multiplier Style                   : Auto
Automatic Register Balancing       : No

---- Target Options
Add IO Buffers                     : YES
Global Maximum Fanout              : 100000
Add Generic Clock Buffer(BUFG)     : 24
Register Duplication               : YES
Slice Packing                      : YES
Optimize Instantiated Primitives   : NO
Use Clock Enable                   : Yes
Use Synchronous Set                : Yes
Use Synchronous Reset              : Yes
Pack IO Registers into IOBs        : Auto
Equivalent register Removal        : YES

---- General Options
Optimization Goal                  : Speed
Optimization Effort                : 1
Keep Hierarchy                     : No
Netlist Hierarchy                  : As_Optimized
RTL Output                         : Yes
Global Optimization                : AllClockNets
Read Cores                         : YES
Write Timing Constraints           : NO
Cross Clock Analysis               : NO
Hierarchy Separator                : /
Bus Delimiter                      : <>
Case Specifier                     : Maintain
Slice Utilization Ratio            : 100
BRAM Utilization Ratio             : 100
Verilog 2001                       : YES
Auto BRAM Packing                  : NO
Slice Utilization Ratio Delta      : 5

=========================================================================


=========================================================================
*                          HDL Compilation                              *
=========================================================================
Compiling verilog file "timer.v" in library work
Module <timer> compiled
No errors in compilation
Analysis of file <"timer.prj"> succeeded.
 

=========================================================================
*                     Design Hierarchy Analysis                         *
=========================================================================
Analyzing hierarchy for module <timer> in library <work> with parameters.
	BASE_SELECT = "00"
	CLK_COUNT_AFTER_ONE_SECOND = "100"
	CLK_COUNT_ZERO = "00"
	EXT_SELECT = "01"
	MAX_COUNT = "1111"
	ONE_COUNT = "0001"
	YEL_SELECT = "10"
	ZERO_COUNT = "0000"


=========================================================================
*                            HDL Analysis                               *
=========================================================================
Analyzing top module <timer>.
	BASE_SELECT = 2'b00
	CLK_COUNT_AFTER_ONE_SECOND = 3'b100
	CLK_COUNT_ZERO = 2'b00
	EXT_SELECT = 2'b01
	MAX_COUNT = 4'b1111
	ONE_COUNT = 4'b0001
	YEL_SELECT = 2'b10
	ZERO_COUNT = 4'b0000
Module <timer> is correct for synthesis.
 

=========================================================================
*                           HDL Synthesis                               *
=========================================================================

Performing bidirectional port resolution...

Synthesizing Unit <timer>.
    Related source file is "timer.v".
    Found 1-bit register for signal <expired>.
    Found 3-bit up counter for signal <clkCycleCount>.
    Found 4-bit down counter for signal <count>.
    Summary:
	inferred   2 Counter(s).
	inferred   1 D-type flip-flop(s).
Unit <timer> synthesized.


=========================================================================
HDL Synthesis Report

Macro Statistics
# Counters                                             : 2
 3-bit up counter                                      : 1
 4-bit down counter                                    : 1
# Registers                                            : 1
 1-bit register                                        : 1

=========================================================================

=========================================================================
*                       Advanced HDL Synthesis                          *
=========================================================================


=========================================================================
Advanced HDL Synthesis Report

Macro Statistics
# Counters                                             : 2
 3-bit up counter                                      : 1
 4-bit down counter                                    : 1
# Registers                                            : 1
 Flip-Flops                                            : 1

=========================================================================

=========================================================================
*                         Low Level Synthesis                           *
=========================================================================

Optimizing unit <timer> ...

Mapping all equations...
Building and optimizing final netlist ...
Found area constraint ratio of 100 (+ 5) on block timer, actual ratio is 0.

Final Macro Processing ...

=========================================================================
Final Register Report

Macro Statistics
# Registers                                            : 8
 Flip-Flops                                            : 8

=========================================================================

=========================================================================
*                           Partition Report                            *
=========================================================================

Partition Implementation Status
-------------------------------

  No Partitions were found in this design.

-------------------------------

=========================================================================
*                            Final Report                               *
=========================================================================
Final Results
RTL Top Level Output File Name     : timer.ngr
Top Level Output File Name         : timer
Output Format                      : NGC
Optimization Goal                  : Speed
Keep Hierarchy                     : No

Design Statistics
# IOs                              : 8

Cell Usage :
# BELS                             : 14
#      INV                         : 1
#      LUT2                        : 2
#      LUT2_L                      : 1
#      LUT3                        : 2
#      LUT3_L                      : 1
#      LUT4                        : 7
# FlipFlops/Latches                : 8
#      FDR                         : 4
#      FDSE                        : 4
# Clock Buffers                    : 1
#      BUFGP                       : 1
# IO Buffers                       : 7
#      IBUF                        : 6
#      OBUF                        : 1
=========================================================================

Device utilization summary:
---------------------------

Selected Device : 3s500efg320-4 

 Number of Slices:                        7  out of   4656     0%  
 Number of Slice Flip Flops:              8  out of   9312     0%  
 Number of 4 input LUTs:                 14  out of   9312     0%  
 Number of IOs:                           8
 Number of bonded IOBs:                   8  out of    232     3%  
 Number of GCLKs:                         1  out of     24     4%  

---------------------------
Partition Resource Summary:
---------------------------

  No Partitions were found in this design.

---------------------------


=========================================================================
TIMING REPORT

NOTE: THESE TIMING NUMBERS ARE ONLY A SYNTHESIS ESTIMATE.
      FOR ACCURATE TIMING INFORMATION PLEASE REFER TO THE TRACE REPORT
      GENERATED AFTER PLACE-and-ROUTE.

Clock Information:
------------------
-----------------------------------+------------------------+-------+
Clock Signal                       | Clock buffer(FF name)  | Load  |
-----------------------------------+------------------------+-------+
clk                                | BUFGP                  | 8     |
-----------------------------------+------------------------+-------+

Asynchronous Control Signals Information:
----------------------------------------
No asynchronous control signals found in this design

Timing Summary:
---------------
Speed Grade: -4

   Minimum period: 3.410ns (Maximum Frequency: 293.255MHz)
   Minimum input arrival time before clock: 5.534ns
   Maximum output required time after clock: 4.283ns
   Maximum combinational path delay: No path found

Timing Detail:
--------------
All values displayed in nanoseconds (ns)

=========================================================================
Timing constraint: Default period analysis for Clock 'clk'
  Clock period: 3.410ns (frequency: 293.255MHz)
  Total number of paths / destination ports: 44 / 16
-------------------------------------------------------------------------
Delay:               3.410ns (Levels of Logic = 1)
  Source:            clkCycleCount_0 (FF)
  Destination:       clkCycleCount_0 (FF)
  Source Clock:      clk rising
  Destination Clock: clk rising

  Data Path: clkCycleCount_0 to clkCycleCount_0
                                Gate     Net
    Cell:in->out      fanout   Delay   Delay  Logical Name (Net Name)
    ----------------------------------------  ------------
     FDR:C->Q              6   0.591   0.673  clkCycleCount_0 (clkCycleCount_0)
     LUT4:I3->O            3   0.704   0.531  clkCycleCount_or0000 (clkCycleCount_or0000)
     FDR:R                     0.911          clkCycleCount_0
    ----------------------------------------
    Total                      3.410ns (2.206ns logic, 1.204ns route)
                                       (64.7% logic, 35.3% route)

=========================================================================
Timing constraint: Default OFFSET IN BEFORE for Clock 'clk'
  Total number of paths / destination ports: 24 / 16
-------------------------------------------------------------------------
Offset:              5.534ns (Levels of Logic = 3)
  Source:            startTimer (PAD)
  Destination:       clkCycleCount_0 (FF)
  Destination Clock: clk rising

  Data Path: startTimer to clkCycleCount_0
                                Gate     Net
    Cell:in->out      fanout   Delay   Delay  Logical Name (Net Name)
    ----------------------------------------  ------------
     IBUF:I->O             6   1.218   0.844  startTimer_IBUF (startTimer_IBUF)
     LUT2:I0->O            2   0.704   0.622  expired_or0000_SW0 (N7)
     LUT4:I0->O            3   0.704   0.531  clkCycleCount_or0000 (clkCycleCount_or0000)
     FDR:R                     0.911          clkCycleCount_0
    ----------------------------------------
    Total                      5.534ns (3.537ns logic, 1.997ns route)
                                       (63.9% logic, 36.1% route)

=========================================================================
Timing constraint: Default OFFSET OUT AFTER for Clock 'clk'
  Total number of paths / destination ports: 1 / 1
-------------------------------------------------------------------------
Offset:              4.283ns (Levels of Logic = 1)
  Source:            expired (FF)
  Destination:       expired (PAD)
  Source Clock:      clk rising

  Data Path: expired to expired
                                Gate     Net
    Cell:in->out      fanout   Delay   Delay  Logical Name (Net Name)
    ----------------------------------------  ------------
     FDR:C->Q              1   0.591   0.420  expired (expired_OBUF)
     OBUF:I->O                 3.272          expired_OBUF (expired)
    ----------------------------------------
    Total                      4.283ns (3.863ns logic, 0.420ns route)
                                       (90.2% logic, 9.8% route)

=========================================================================


Total REAL time to Xst completion: 4.00 secs
Total CPU time to Xst completion: 3.73 secs
 
--> 


Total memory usage is 511448 kilobytes

Number of errors   :    0 (   0 filtered)
Number of warnings :    0 (   0 filtered)
Number of infos    :    0 (   0 filtered)

