Release 14.7 - xst P.20131013 (lin64)
Copyright (c) 1995-2013 Xilinx, Inc.  All rights reserved.
--> 
Parameter TMPDIR set to xst/projnav.tmp


Total REAL time to Xst completion: 0.00 secs
Total CPU time to Xst completion: 0.04 secs
 
--> 
Parameter xsthdpdir set to xst


Total REAL time to Xst completion: 0.00 secs
Total CPU time to Xst completion: 0.04 secs
 
--> 
Reading design: WalkRegister.prj

TABLE OF CONTENTS
  1) Synthesis Options Summary
  2) HDL Compilation
  3) Design Hierarchy Analysis
  4) HDL Analysis
  5) HDL Synthesis
     5.1) HDL Synthesis Report
  6) Advanced HDL Synthesis
     6.1) Advanced HDL Synthesis Report
  7) Low Level Synthesis
  8) Partition Report
  9) Final Report
	9.1) Device utilization summary
	9.2) Partition Resource Summary
	9.3) TIMING REPORT


=========================================================================
*                      Synthesis Options Summary                        *
=========================================================================
---- Source Parameters
Input File Name                    : "WalkRegister.prj"
Input Format                       : mixed
Ignore Synthesis Constraint File   : NO

---- Target Parameters
Output File Name                   : "WalkRegister"
Output Format                      : NGC
Target Device                      : xc3s500e-4-fg320

---- Source Options
Top Module Name                    : WalkRegister
Automatic FSM Extraction           : YES
FSM Encoding Algorithm             : Auto
Safe Implementation                : No
FSM Style                          : LUT
RAM Extraction                     : Yes
RAM Style                          : Auto
ROM Extraction                     : Yes
Mux Style                          : Auto
Decoder Extraction                 : YES
Priority Encoder Extraction        : Yes
Shift Register Extraction          : YES
Logical Shifter Extraction         : YES
XOR Collapsing                     : YES
ROM Style                          : Auto
Mux Extraction                     : Yes
Resource Sharing                   : YES
Asynchronous To Synchronous        : NO
Multiplier Style                   : Auto
Automatic Register Balancing       : No

---- Target Options
Add IO Buffers                     : YES
Global Maximum Fanout              : 100000
Add Generic Clock Buffer(BUFG)     : 24
Register Duplication               : YES
Slice Packing                      : YES
Optimize Instantiated Primitives   : NO
Use Clock Enable                   : Yes
Use Synchronous Set                : Yes
Use Synchronous Reset              : Yes
Pack IO Registers into IOBs        : Auto
Equivalent register Removal        : YES

---- General Options
Optimization Goal                  : Speed
Optimization Effort                : 1
Keep Hierarchy                     : No
Netlist Hierarchy                  : As_Optimized
RTL Output                         : Yes
Global Optimization                : AllClockNets
Read Cores                         : YES
Write Timing Constraints           : NO
Cross Clock Analysis               : NO
Hierarchy Separator                : /
Bus Delimiter                      : <>
Case Specifier                     : Maintain
Slice Utilization Ratio            : 100
BRAM Utilization Ratio             : 100
Verilog 2001                       : YES
Auto BRAM Packing                  : NO
Slice Utilization Ratio Delta      : 5

=========================================================================


=========================================================================
*                          HDL Compilation                              *
=========================================================================
Compiling verilog file "WalkRegister.v" in library work
Module <WalkRegister> compiled
No errors in compilation
Analysis of file <"WalkRegister.prj"> succeeded.
 

=========================================================================
*                     Design Hierarchy Analysis                         *
=========================================================================
Analyzing hierarchy for module <WalkRegister> in library <work>.


=========================================================================
*                            HDL Analysis                               *
=========================================================================
Analyzing top module <WalkRegister>.
Module <WalkRegister> is correct for synthesis.
 

=========================================================================
*                           HDL Synthesis                               *
=========================================================================

Performing bidirectional port resolution...

Synthesizing Unit <WalkRegister>.
    Related source file is "WalkRegister.v".
    Found 1-bit register for signal <pendingWalk>.
    Summary:
	inferred   1 D-type flip-flop(s).
Unit <WalkRegister> synthesized.


=========================================================================
HDL Synthesis Report

Macro Statistics
# Registers                                            : 1
 1-bit register                                        : 1

=========================================================================

=========================================================================
*                       Advanced HDL Synthesis                          *
=========================================================================


=========================================================================
Advanced HDL Synthesis Report

Macro Statistics
# Registers                                            : 1
 Flip-Flops                                            : 1

=========================================================================

=========================================================================
*                         Low Level Synthesis                           *
=========================================================================

Optimizing unit <WalkRegister> ...

Mapping all equations...
Building and optimizing final netlist ...
Found area constraint ratio of 100 (+ 5) on block WalkRegister, actual ratio is 0.

Final Macro Processing ...

=========================================================================
Final Register Report

Macro Statistics
# Registers                                            : 1
 Flip-Flops                                            : 1

=========================================================================

=========================================================================
*                           Partition Report                            *
=========================================================================

Partition Implementation Status
-------------------------------

  No Partitions were found in this design.

-------------------------------

=========================================================================
*                            Final Report                               *
=========================================================================
Final Results
RTL Top Level Output File Name     : WalkRegister.ngr
Top Level Output File Name         : WalkRegister
Output Format                      : NGC
Optimization Goal                  : Speed
Keep Hierarchy                     : No

Design Statistics
# IOs                              : 5

Cell Usage :
# BELS                             : 2
#      INV                         : 1
#      LUT2                        : 1
# FlipFlops/Latches                : 1
#      FDRE                        : 1
# Clock Buffers                    : 1
#      BUFGP                       : 1
# IO Buffers                       : 4
#      IBUF                        : 3
#      OBUF                        : 1
=========================================================================

Device utilization summary:
---------------------------

Selected Device : 3s500efg320-4 

 Number of Slices:                        1  out of   4656     0%  
 Number of Slice Flip Flops:              1  out of   9312     0%  
 Number of 4 input LUTs:                  2  out of   9312     0%  
 Number of IOs:                           5
 Number of bonded IOBs:                   5  out of    232     2%  
 Number of GCLKs:                         1  out of     24     4%  

---------------------------
Partition Resource Summary:
---------------------------

  No Partitions were found in this design.

---------------------------


=========================================================================
TIMING REPORT

NOTE: THESE TIMING NUMBERS ARE ONLY A SYNTHESIS ESTIMATE.
      FOR ACCURATE TIMING INFORMATION PLEASE REFER TO THE TRACE REPORT
      GENERATED AFTER PLACE-and-ROUTE.

Clock Information:
------------------
-----------------------------------+------------------------+-------+
Clock Signal                       | Clock buffer(FF name)  | Load  |
-----------------------------------+------------------------+-------+
clk                                | BUFGP                  | 1     |
-----------------------------------+------------------------+-------+

Asynchronous Control Signals Information:
----------------------------------------
No asynchronous control signals found in this design

Timing Summary:
---------------
Speed Grade: -4

   Minimum period: 2.717ns (Maximum Frequency: 368.053MHz)
   Minimum input arrival time before clock: 3.848ns
   Maximum output required time after clock: 4.310ns
   Maximum combinational path delay: No path found

Timing Detail:
--------------
All values displayed in nanoseconds (ns)

=========================================================================
Timing constraint: Default period analysis for Clock 'clk'
  Clock period: 2.717ns (frequency: 368.053MHz)
  Total number of paths / destination ports: 1 / 1
-------------------------------------------------------------------------
Delay:               2.717ns (Levels of Logic = 1)
  Source:            pendingWalk (FF)
  Destination:       pendingWalk (FF)
  Source Clock:      clk rising
  Destination Clock: clk rising

  Data Path: pendingWalk to pendingWalk
                                Gate     Net
    Cell:in->out      fanout   Delay   Delay  Logical Name (Net Name)
    ----------------------------------------  ------------
     FDRE:C->Q             2   0.591   0.447  pendingWalk (pendingWalk_OBUF)
     INV:I->O              1   0.704   0.420  pendingWalk_inv1_INV_0 (pendingWalk_inv)
     FDRE:CE                   0.555          pendingWalk
    ----------------------------------------
    Total                      2.717ns (1.850ns logic, 0.867ns route)
                                       (68.1% logic, 31.9% route)

=========================================================================
Timing constraint: Default OFFSET IN BEFORE for Clock 'clk'
  Total number of paths / destination ports: 3 / 2
-------------------------------------------------------------------------
Offset:              3.848ns (Levels of Logic = 2)
  Source:            reset (PAD)
  Destination:       pendingWalk (FF)
  Destination Clock: clk rising

  Data Path: reset to pendingWalk
                                Gate     Net
    Cell:in->out      fanout   Delay   Delay  Logical Name (Net Name)
    ----------------------------------------  ------------
     IBUF:I->O             1   1.218   0.595  reset_IBUF (reset_IBUF)
     LUT2:I0->O            1   0.704   0.420  pendingWalk_or00001 (pendingWalk_or0000)
     FDRE:R                    0.911          pendingWalk
    ----------------------------------------
    Total                      3.848ns (2.833ns logic, 1.015ns route)
                                       (73.6% logic, 26.4% route)

=========================================================================
Timing constraint: Default OFFSET OUT AFTER for Clock 'clk'
  Total number of paths / destination ports: 1 / 1
-------------------------------------------------------------------------
Offset:              4.310ns (Levels of Logic = 1)
  Source:            pendingWalk (FF)
  Destination:       pendingWalk (PAD)
  Source Clock:      clk rising

  Data Path: pendingWalk to pendingWalk
                                Gate     Net
    Cell:in->out      fanout   Delay   Delay  Logical Name (Net Name)
    ----------------------------------------  ------------
     FDRE:C->Q             2   0.591   0.447  pendingWalk (pendingWalk_OBUF)
     OBUF:I->O                 3.272          pendingWalk_OBUF (pendingWalk)
    ----------------------------------------
    Total                      4.310ns (3.863ns logic, 0.447ns route)
                                       (89.6% logic, 10.4% route)

=========================================================================


Total REAL time to Xst completion: 4.00 secs
Total CPU time to Xst completion: 3.70 secs
 
--> 


Total memory usage is 511244 kilobytes

Number of errors   :    0 (   0 filtered)
Number of warnings :    0 (   0 filtered)
Number of infos    :    0 (   0 filtered)

